Retrieving project…
Deploying olastech1s-projects/beat
Uploading [--------------------] (0.0B/30.3KB)
Uploading [=====---------------] (7.8KB/30.3KB)
Uploading [==============------] (21.3KB/30.3KB)
Uploading [===============-----] (23.8KB/30.3KB)
Uploading [====================] (30.3KB/30.3KB)
Inspect: https://vercel.com/olastech1s-projects/beat/Emp2Eh4cqvWzadNPSLReX8oUyxiT [4s]
Production: https://beat-gtdi3vwx3-olastech1s-projects.vercel.app [4s]
Building...
Building...
Building: Running build in Washington, D.C., USA (East) – iad1
Building: Build machine configuration: 2 cores, 8 GB
Building: Retrieving list of deployment files...
Building: Previous build caches not available.
Building: Downloading 50 deployment files...
Building: Running "vercel build"
Building: Vercel CLI 51.6.1
Building: Warning: Node.js functions are compiled from ESM to CommonJS. If this is not intended, add "type": "module" to your package.json file.
Building: Compiling "admin.js" from ESM to CommonJS...
Building: Compiling "db.js" from ESM to CommonJS...
Building: Compiling "auth.js" from ESM to CommonJS...
Building: Compiling "auth.js" from ESM to CommonJS...
Building: Compiling "db.js" from ESM to CommonJS...
Building: Compiling "auth.js" from ESM to CommonJS...
Building: Compiling "beats.js" from ESM to CommonJS...
Building: Compiling "db.js" from ESM to CommonJS...
Building: Compiling "auth.js" from ESM to CommonJS...
Building: Compiling "cart.js" from ESM to CommonJS...
Building: Compiling "db.js" from ESM to CommonJS...
Building: Compiling "auth.js" from ESM to CommonJS...
Building: Compiling "orders.js" from ESM to CommonJS...
Building: Compiling "db.js" from ESM to CommonJS...
Building: Compiling "auth.js" from ESM to CommonJS...
Building: Compiling "profile.js" from ESM to CommonJS...
Building: Compiling "db.js" from ESM to CommonJS...
Building: Compiling "auth.js" from ESM to CommonJS...
Building: Compiling "seller.js" from ESM to CommonJS...
Building: Compiling "db.js" from ESM to CommonJS...
Building: Compiling "auth.js" from ESM to CommonJS...
Building: Compiling "settings.js" from ESM to CommonJS...
Building: Compiling "db.js" from ESM to CommonJS...
Building: Compiling "auth.js" from ESM to CommonJS...
Building: Compiling "upload.js" from ESM to CommonJS...
Building: Build Completed in /vercel/output [744ms]
Building: Deploying outputs...
[2K[1A[2K[GProduction: https://beat-gtdi3vwx3-olastech1s-projects.vercel.app [12s]
Completing...
Aliased: https://beat-ashen.vercel.app [12s]
{
  "status": "ok",
  "deployment": {
    "id": "dpl_Emp2Eh4cqvWzadNPSLReX8oUyxiT",
    "url": "https://beat-gtdi3vwx3-olastech1s-projects.vercel.app",
    "inspectorUrl": "https://vercel.com/olastech1s-projects/beat/Emp2Eh4cqvWzadNPSLReX8oUyxiT",
    "readyState": "READY",
    "target": "production",
    "deploymentApiUrl": "https://api.vercel.com/v13/deployments/dpl_Emp2Eh4cqvWzadNPSLReX8oUyxiT"
  },
  "message": "Deployment beat-gtdi3vwx3-olastech1s-projects.vercel.app ready.",
  "next": [
    {
      "command": "vercel inspect beat-gtdi3vwx3-olastech1s-projects.vercel.app",
      "when": "Inspect deployment"
    },
    {
      "command": "vercel deploy --prod",
      "when": "Promote to production"
    }
  ]
}
