Retrieving project…
Deploying olastech1s-projects/beat
Uploading [--------------------] (0.0B/57B)
Uploading [====================] (57.0B/57B)
Inspect: https://vercel.com/olastech1s-projects/beat/4wanze3SwS168QQRQ9du6JcHajSm [3s]
Production: https://beat-evsclv8kl-olastech1s-projects.vercel.app [3s]
https://beat-evsclv8kl-olastech1s-projects.vercel.appBuilding...
Building...
Building: Running build in Washington, D.C., USA (East) – iad1
Building: Build machine configuration: 2 cores, 8 GB
Building: Retrieving list of deployment files...
Building: Previous build caches not available.
Building: Downloading 53 deployment files...
Building: Running "vercel build"
Building: Vercel CLI 51.6.1
Building: Warning: Node.js functions are compiled from ESM to CommonJS. If this is not intended, add "type": "module" to your package.json file.
Building: Compiling "beats.js" from ESM to CommonJS...
Building: Compiling "db.js" from ESM to CommonJS...
Building: Compiling "auth.js" from ESM to CommonJS...
Building: Compiling "stats.js" from ESM to CommonJS...
Building: Compiling "db.js" from ESM to CommonJS...
Building: Compiling "auth.js" from ESM to CommonJS...
Building: Compiling "login.js" from ESM to CommonJS...
Building: Compiling "db.js" from ESM to CommonJS...
Building: Compiling "auth.js" from ESM to CommonJS...
Building: Compiling "logout.js" from ESM to CommonJS...
Building: Compiling "auth.js" from ESM to CommonJS...
Building: Compiling "me.js" from ESM to CommonJS...
Building: Compiling "db.js" from ESM to CommonJS...
Building: Compiling "auth.js" from ESM to CommonJS...
Building: Compiling "register.js" from ESM to CommonJS...
Building: Compiling "db.js" from ESM to CommonJS...
Building: Compiling "auth.js" from ESM to CommonJS...
Building: Compiling "index.js" from ESM to CommonJS...
Building: Compiling "db.js" from ESM to CommonJS...
Building: Compiling "auth.js" from ESM to CommonJS...
Building: Compiling "index.js" from ESM to CommonJS...
Building: Compiling "db.js" from ESM to CommonJS...
Building: Compiling "auth.js" from ESM to CommonJS...
Building: Compiling "auth.js" from ESM to CommonJS...
Building: Compiling "db.js" from ESM to CommonJS...
Building: Compiling "index.js" from ESM to CommonJS...
Building: Compiling "db.js" from ESM to CommonJS...
Building: Compiling "auth.js" from ESM to CommonJS...
Building: Compiling "index.js" from ESM to CommonJS...
Building: Compiling "db.js" from ESM to CommonJS...
Building: Compiling "auth.js" from ESM to CommonJS...
Building: Compiling "stats.js" from ESM to CommonJS...
Building: Compiling "db.js" from ESM to CommonJS...
Building: Compiling "auth.js" from ESM to CommonJS...
Building: Compiling "index.js" from ESM to CommonJS...
Building: Compiling "db.js" from ESM to CommonJS...
Building: Compiling "auth.js" from ESM to CommonJS...
Building: Compiling "checkout.js" from ESM to CommonJS...
Building: Compiling "db.js" from ESM to CommonJS...
Building: Compiling "auth.js" from ESM to CommonJS...
Building: Compiling "upload.js" from ESM to CommonJS...
Building: Build Completed in /vercel/output [1s]
Building: Deploying outputs...
Error: No more than 12 Serverless Functions can be added to a Deployment on the Hobby plan. Create a team (Pro plan) to deploy more.
